<?xml version="1.0" encoding="UTF-8"?>
<!-- Generated by org.testng.reporters.JUnitReportReporter -->
<testsuite hostname="LTIN209056" failures="0" tests="6" name="testCases.zigWheels" time="70.525" errors="0" timestamp="2024-03-04T11:00:37 IST" skipped="0">
  <testcase classname="testCases.zigWheels" name="newbikes" time="16.287"/>
  <system-out/>
  <testcase classname="testCases.zigWheels" name="newbikes" time="15.099"/>
  <system-out/>
  <testcase classname="testCases.zigWheels" name="usedcar" time="12.938"/>
  <system-out/>
  <testcase classname="testCases.zigWheels" name="usedcar" time="13.097"/>
  <system-out/>
  <testcase classname="testCases.zigWheels" name="login" time="6.773"/>
  <system-out/>
  <testcase classname="testCases.zigWheels" name="login" time="6.331"/>
  <system-out/>
</testsuite> <!-- testCases.zigWheels -->
