<?xml version="1.0" encoding="UTF-8"?>
<!-- Generated by org.testng.reporters.JUnitReportReporter -->
<testsuite hostname="LTIN209056" failures="0" tests="6" name="testCases.zigWheels" time="85.747" errors="0" timestamp="2024-03-04T11:08:18 IST" skipped="0">
  <testcase classname="testCases.zigWheels" name="newbikes" time="11.840"/>
  <system-out/>
  <testcase classname="testCases.zigWheels" name="newbikes" time="16.426"/>
  <system-out/>
  <testcase classname="testCases.zigWheels" name="usedcar" time="13.410"/>
  <system-out/>
  <testcase classname="testCases.zigWheels" name="usedcar" time="17.046"/>
  <system-out/>
  <testcase classname="testCases.zigWheels" name="login" time="13.146"/>
  <system-out/>
  <testcase classname="testCases.zigWheels" name="login" time="13.879"/>
  <system-out/>
</testsuite> <!-- testCases.zigWheels -->
